This file contains any messages produced by compilers while
running configure, to aid debugging if configure makes a mistake.

It was created by maze configure 0.0.0, which was
generated by GNU Autoconf 2.69.  Invocation command line was

  $ ./configure 

## --------- ##
## Platform. ##
## --------- ##

hostname = macbookair-2.local
uname -m = x86_64
uname -r = 12.2.0
uname -s = Darwin
uname -v = Darwin Kernel Version 12.2.0: Sat Aug 25 00:48:52 PDT 2012; root:xnu-2050.18.24~1/RELEASE_X86_64

/usr/bin/uname -p = i386
/bin/uname -X     = unknown

/bin/arch              = unknown
/usr/bin/arch -k       = unknown
/usr/convex/getsysinfo = unknown
/usr/bin/hostinfo      = Mach kernel version:
	 Darwin Kernel Version 12.2.0: Sat Aug 25 00:48:52 PDT 2012; root:xnu-2050.18.24~1/RELEASE_X86_64
Kernel configured for up to 2 processors.
2 processors are physically available.
2 processors are logically available.
Processor type: i486 (Intel 80486)
Processors active: 0 1
Primary memory available: 4.00 gigabytes
Default processor set: 131 tasks, 622 threads, 2 processors
Load average: 2.78, Mach factor: 0.56
/bin/machine           = unknown
/usr/bin/oslevel       = unknown
/bin/universe          = unknown

PATH: /Users/itchyny/Dropbox/bin/
PATH: /usr/bin
PATH: /bin
PATH: /usr/sbin
PATH: /sbin
PATH: /usr/local/bin
PATH: /opt/X11/bin
PATH: /Applications/Xcode.app/Contents/Developer/usr/bin/
PATH: /usr/local/bin/
PATH: /usr/local/git/bin/
PATH: /opt/local/bin/
PATH: /Users/itchyny/.cabal/bin/
PATH: /Users/itchyny/Dropbox/js/coffee-script/bin/
PATH: /Users/itchyny/Dropbox/js/jison/bin/
PATH: /Users/itchyny/Dropbox/js/narwhal/bin/
PATH: /Users/itchyny/Dropbox/js/roy/
PATH: /Users/itchyny/Library/Haskell/bin/
PATH: /Users/itchyny/node_modules/jade/bin/
PATH: /Users/itchyny/node_modules/less/bin/
PATH: /Users/itchyny/node_modules/node-dev/
PATH: /Users/itchyny/node_modules/nodester-cli/bin/
PATH: /Users/itchyny/node_modules/stylus/bin/


## ----------- ##
## Core tests. ##
## ----------- ##

configure:2236: checking for a BSD-compatible install
configure:2304: result: /usr/bin/install -c
configure:2315: checking whether build environment is sane
configure:2370: result: yes
configure:2521: checking for a thread-safe mkdir -p
configure:2560: result: ./install-sh -c -d
configure:2567: checking for gawk
configure:2597: result: no
configure:2567: checking for mawk
configure:2597: result: no
configure:2567: checking for nawk
configure:2597: result: no
configure:2567: checking for awk
configure:2583: found /usr/bin/awk
configure:2594: result: awk
configure:2605: checking whether make sets $(MAKE)
configure:2627: result: yes
configure:2656: checking whether make supports nested variables
configure:2673: result: yes
configure:2805: checking for gcc
configure:2821: found /usr/bin/gcc
configure:2832: result: gcc
configure:3061: checking for C compiler version
configure:3070: gcc --version >&5
i686-apple-darwin11-llvm-gcc-4.2 (GCC) 4.2.1 (Based on Apple Inc. build 5658) (LLVM build 2336.11.00)
Copyright (C) 2007 Free Software Foundation, Inc.
This is free software; see the source for copying conditions.  There is NO
warranty; not even for MERCHANTABILITY or FITNESS FOR A PARTICULAR PURPOSE.

configure:3081: $? = 0
configure:3070: gcc -v >&5
Using built-in specs.
Target: i686-apple-darwin11
Configured with: /private/var/tmp/llvmgcc42/llvmgcc42-2336.11~28/src/configure --disable-checking --enable-werror --prefix=/Applications/Xcode.app/Contents/Developer/usr/llvm-gcc-4.2 --mandir=/share/man --enable-languages=c,objc,c++,obj-c++ --program-prefix=llvm- --program-transform-name=/^[cg][^.-]*$/s/$/-4.2/ --with-slibdir=/usr/lib --build=i686-apple-darwin11 --enable-llvm=/private/var/tmp/llvmgcc42/llvmgcc42-2336.11~28/dst-llvmCore/Developer/usr/local --program-prefix=i686-apple-darwin11- --host=x86_64-apple-darwin11 --target=i686-apple-darwin11 --with-gxx-include-dir=/usr/include/c++/4.2.1
Thread model: posix
gcc version 4.2.1 (Based on Apple Inc. build 5658) (LLVM build 2336.11.00)
configure:3081: $? = 0
configure:3070: gcc -V >&5
llvm-gcc-4.2: argument to `-V' is missing
configure:3081: $? = 1
configure:3070: gcc -qversion >&5
i686-apple-darwin11-llvm-gcc-4.2: no input files
configure:3081: $? = 1
configure:3101: checking whether the C compiler works
configure:3123: gcc    conftest.c  >&5
configure:3127: $? = 0
configure:3175: result: yes
configure:3178: checking for C compiler default output file name
configure:3180: result: a.out
configure:3186: checking for suffix of executables
configure:3193: gcc -o conftest    conftest.c  >&5
configure:3197: $? = 0
configure:3219: result: 
configure:3241: checking whether we are cross compiling
configure:3249: gcc -o conftest    conftest.c  >&5
configure:3253: $? = 0
configure:3260: ./conftest
configure:3264: $? = 0
configure:3279: result: no
configure:3284: checking for suffix of object files
configure:3306: gcc -c   conftest.c >&5
configure:3310: $? = 0
configure:3331: result: o
configure:3335: checking whether we are using the GNU C compiler
configure:3354: gcc -c   conftest.c >&5
configure:3354: $? = 0
configure:3363: result: yes
configure:3372: checking whether gcc accepts -g
configure:3392: gcc -c -g  conftest.c >&5
configure:3392: $? = 0
configure:3433: result: yes
configure:3450: checking for gcc option to accept ISO C89
configure:3513: gcc  -c -g -O2  conftest.c >&5
configure:3513: $? = 0
configure:3526: result: none needed
configure:3557: checking for style of include used by make
configure:3585: result: GNU
configure:3611: checking dependency style of gcc
configure:3722: result: gcc3
configure:3747: checking how to run the C preprocessor
configure:3778: gcc -E  conftest.c
configure:3778: $? = 0
configure:3792: gcc -E  conftest.c
conftest.c:11:28: error: ac_nonexistent.h: No such file or directory
configure:3792: $? = 1
configure: failed program was:
| /* confdefs.h */
| #define PACKAGE_NAME "maze"
| #define PACKAGE_TARNAME "maze"
| #define PACKAGE_VERSION "0.0.0"
| #define PACKAGE_STRING "maze 0.0.0"
| #define PACKAGE_BUGREPORT ""
| #define PACKAGE_URL ""
| #define PACKAGE "maze"
| #define VERSION "0.0.0"
| /* end confdefs.h.  */
| #include <ac_nonexistent.h>
configure:3817: result: gcc -E
configure:3837: gcc -E  conftest.c
configure:3837: $? = 0
configure:3851: gcc -E  conftest.c
conftest.c:11:28: error: ac_nonexistent.h: No such file or directory
configure:3851: $? = 1
configure: failed program was:
| /* confdefs.h */
| #define PACKAGE_NAME "maze"
| #define PACKAGE_TARNAME "maze"
| #define PACKAGE_VERSION "0.0.0"
| #define PACKAGE_STRING "maze 0.0.0"
| #define PACKAGE_BUGREPORT ""
| #define PACKAGE_URL ""
| #define PACKAGE "maze"
| #define VERSION "0.0.0"
| /* end confdefs.h.  */
| #include <ac_nonexistent.h>
configure:3880: checking for grep that handles long lines and -e
configure:3938: result: /usr/bin/grep
configure:3943: checking for egrep
configure:4005: result: /usr/bin/grep -E
configure:4010: checking for ANSI C header files
configure:4030: gcc -c -g -O2  conftest.c >&5
configure:4030: $? = 0
configure:4103: gcc -o conftest -g -O2   conftest.c  >&5
configure:4103: $? = 0
configure:4103: ./conftest
configure:4103: $? = 0
configure:4114: result: yes
configure:4127: checking for sys/types.h
configure:4127: gcc -c -g -O2  conftest.c >&5
configure:4127: $? = 0
configure:4127: result: yes
configure:4127: checking for sys/stat.h
configure:4127: gcc -c -g -O2  conftest.c >&5
configure:4127: $? = 0
configure:4127: result: yes
configure:4127: checking for stdlib.h
configure:4127: gcc -c -g -O2  conftest.c >&5
configure:4127: $? = 0
configure:4127: result: yes
configure:4127: checking for string.h
configure:4127: gcc -c -g -O2  conftest.c >&5
configure:4127: $? = 0
configure:4127: result: yes
configure:4127: checking for memory.h
configure:4127: gcc -c -g -O2  conftest.c >&5
configure:4127: $? = 0
configure:4127: result: yes
configure:4127: checking for strings.h
configure:4127: gcc -c -g -O2  conftest.c >&5
configure:4127: $? = 0
configure:4127: result: yes
configure:4127: checking for inttypes.h
configure:4127: gcc -c -g -O2  conftest.c >&5
configure:4127: $? = 0
configure:4127: result: yes
configure:4127: checking for stdint.h
configure:4127: gcc -c -g -O2  conftest.c >&5
configure:4127: $? = 0
configure:4127: result: yes
configure:4127: checking for unistd.h
configure:4127: gcc -c -g -O2  conftest.c >&5
configure:4127: $? = 0
configure:4127: result: yes
configure:4142: checking for stdlib.h
configure:4142: result: yes
configure:4142: checking for string.h
configure:4142: result: yes
configure:4142: checking err.h usability
configure:4142: gcc -c -g -O2  conftest.c >&5
configure:4142: $? = 0
configure:4142: result: yes
configure:4142: checking err.h presence
configure:4142: gcc -E  conftest.c
configure:4142: $? = 0
configure:4142: result: yes
configure:4142: checking for err.h
configure:4142: result: yes
configure:4142: checking time.h usability
configure:4142: gcc -c -g -O2  conftest.c >&5
configure:4142: $? = 0
configure:4142: result: yes
configure:4142: checking time.h presence
configure:4142: gcc -E  conftest.c
configure:4142: $? = 0
configure:4142: result: yes
configure:4142: checking for time.h
configure:4142: result: yes
configure:4142: checking for stdint.h
configure:4142: result: yes
configure:4142: checking sys/ioctl.h usability
configure:4142: gcc -c -g -O2  conftest.c >&5
configure:4142: $? = 0
configure:4142: result: yes
configure:4142: checking sys/ioctl.h presence
configure:4142: gcc -E  conftest.c
configure:4142: $? = 0
configure:4142: result: yes
configure:4142: checking for sys/ioctl.h
configure:4142: result: yes
configure:4142: checking sys/time.h usability
configure:4142: gcc -c -g -O2  conftest.c >&5
configure:4142: $? = 0
configure:4142: result: yes
configure:4142: checking sys/time.h presence
configure:4142: gcc -E  conftest.c
configure:4142: $? = 0
configure:4142: result: yes
configure:4142: checking for sys/time.h
configure:4142: result: yes
configure:4142: checking for unistd.h
configure:4142: result: yes
configure:4154: checking for stdbool.h that conforms to C99
configure:4221: gcc -c -g -O2  conftest.c >&5
configure:4221: $? = 0
configure:4228: result: yes
configure:4230: checking for _Bool
configure:4230: gcc -c -g -O2  conftest.c >&5
configure:4230: $? = 0
configure:4230: gcc -c -g -O2  conftest.c >&5
conftest.c: In function 'main':
conftest.c:65: error: expected expression before ')' token
configure:4230: $? = 1
configure: failed program was:
| /* confdefs.h */
| #define PACKAGE_NAME "maze"
| #define PACKAGE_TARNAME "maze"
| #define PACKAGE_VERSION "0.0.0"
| #define PACKAGE_STRING "maze 0.0.0"
| #define PACKAGE_BUGREPORT ""
| #define PACKAGE_URL ""
| #define PACKAGE "maze"
| #define VERSION "0.0.0"
| #define STDC_HEADERS 1
| #define HAVE_SYS_TYPES_H 1
| #define HAVE_SYS_STAT_H 1
| #define HAVE_STDLIB_H 1
| #define HAVE_STRING_H 1
| #define HAVE_MEMORY_H 1
| #define HAVE_STRINGS_H 1
| #define HAVE_INTTYPES_H 1
| #define HAVE_STDINT_H 1
| #define HAVE_UNISTD_H 1
| #define HAVE_STDLIB_H 1
| #define HAVE_STRING_H 1
| #define HAVE_ERR_H 1
| #define HAVE_TIME_H 1
| #define HAVE_STDINT_H 1
| #define HAVE_SYS_IOCTL_H 1
| #define HAVE_SYS_TIME_H 1
| #define HAVE_UNISTD_H 1
| /* end confdefs.h.  */
| #include <stdio.h>
| #ifdef HAVE_SYS_TYPES_H
| # include <sys/types.h>
| #endif
| #ifdef HAVE_SYS_STAT_H
| # include <sys/stat.h>
| #endif
| #ifdef STDC_HEADERS
| # include <stdlib.h>
| # include <stddef.h>
| #else
| # ifdef HAVE_STDLIB_H
| #  include <stdlib.h>
| # endif
| #endif
| #ifdef HAVE_STRING_H
| # if !defined STDC_HEADERS && defined HAVE_MEMORY_H
| #  include <memory.h>
| # endif
| # include <string.h>
| #endif
| #ifdef HAVE_STRINGS_H
| # include <strings.h>
| #endif
| #ifdef HAVE_INTTYPES_H
| # include <inttypes.h>
| #endif
| #ifdef HAVE_STDINT_H
| # include <stdint.h>
| #endif
| #ifdef HAVE_UNISTD_H
| # include <unistd.h>
| #endif
| int
| main ()
| {
| if (sizeof ((_Bool)))
| 	    return 0;
|   ;
|   return 0;
| }
configure:4230: result: yes
configure:4241: checking for inline
configure:4257: gcc -c -g -O2  conftest.c >&5
configure:4257: $? = 0
configure:4265: result: inline
configure:4283: checking for size_t
configure:4283: gcc -c -g -O2  conftest.c >&5
configure:4283: $? = 0
configure:4283: gcc -c -g -O2  conftest.c >&5
conftest.c: In function 'main':
conftest.c:66: error: expected expression before ')' token
configure:4283: $? = 1
configure: failed program was:
| /* confdefs.h */
| #define PACKAGE_NAME "maze"
| #define PACKAGE_TARNAME "maze"
| #define PACKAGE_VERSION "0.0.0"
| #define PACKAGE_STRING "maze 0.0.0"
| #define PACKAGE_BUGREPORT ""
| #define PACKAGE_URL ""
| #define PACKAGE "maze"
| #define VERSION "0.0.0"
| #define STDC_HEADERS 1
| #define HAVE_SYS_TYPES_H 1
| #define HAVE_SYS_STAT_H 1
| #define HAVE_STDLIB_H 1
| #define HAVE_STRING_H 1
| #define HAVE_MEMORY_H 1
| #define HAVE_STRINGS_H 1
| #define HAVE_INTTYPES_H 1
| #define HAVE_STDINT_H 1
| #define HAVE_UNISTD_H 1
| #define HAVE_STDLIB_H 1
| #define HAVE_STRING_H 1
| #define HAVE_ERR_H 1
| #define HAVE_TIME_H 1
| #define HAVE_STDINT_H 1
| #define HAVE_SYS_IOCTL_H 1
| #define HAVE_SYS_TIME_H 1
| #define HAVE_UNISTD_H 1
| #define HAVE__BOOL 1
| /* end confdefs.h.  */
| #include <stdio.h>
| #ifdef HAVE_SYS_TYPES_H
| # include <sys/types.h>
| #endif
| #ifdef HAVE_SYS_STAT_H
| # include <sys/stat.h>
| #endif
| #ifdef STDC_HEADERS
| # include <stdlib.h>
| # include <stddef.h>
| #else
| # ifdef HAVE_STDLIB_H
| #  include <stdlib.h>
| # endif
| #endif
| #ifdef HAVE_STRING_H
| # if !defined STDC_HEADERS && defined HAVE_MEMORY_H
| #  include <memory.h>
| # endif
| # include <string.h>
| #endif
| #ifdef HAVE_STRINGS_H
| # include <strings.h>
| #endif
| #ifdef HAVE_INTTYPES_H
| # include <inttypes.h>
| #endif
| #ifdef HAVE_STDINT_H
| # include <stdint.h>
| #endif
| #ifdef HAVE_UNISTD_H
| # include <unistd.h>
| #endif
| int
| main ()
| {
| if (sizeof ((size_t)))
| 	    return 0;
|   ;
|   return 0;
| }
configure:4283: result: yes
configure:4298: checking for stdlib.h
configure:4298: result: yes
configure:4308: checking for GNU libc compatible malloc
configure:4332: gcc -o conftest -g -O2   conftest.c  >&5
configure:4332: $? = 0
configure:4332: ./conftest
configure:4332: $? = 0
configure:4342: result: yes
configure:4365: checking for stdlib.h
configure:4365: result: yes
configure:4375: checking for GNU libc compatible realloc
configure:4399: gcc -o conftest -g -O2   conftest.c  >&5
configure:4399: $? = 0
configure:4399: ./conftest
configure:4399: $? = 0
configure:4409: result: yes
configure:4430: checking for working strtod
configure:4471: gcc -o conftest -g -O2   conftest.c  >&5
configure:4471: $? = 0
configure:4471: ./conftest
configure:4471: $? = 0
configure:4481: result: yes
configure:4546: checking for strtol
configure:4546: gcc -o conftest -g -O2   conftest.c  >&5
configure:4546: $? = 0
configure:4546: result: yes
configure:4546: checking for strlen
configure:4546: gcc -o conftest -g -O2   conftest.c  >&5
conftest.c:58: warning: conflicting types for built-in function 'strlen'
configure:4546: $? = 0
configure:4546: result: yes
configure:4546: checking for warnx
configure:4546: gcc -o conftest -g -O2   conftest.c  >&5
configure:4546: $? = 0
configure:4546: result: yes
configure:4546: checking for ioctl
configure:4546: gcc -o conftest -g -O2   conftest.c  >&5
configure:4546: $? = 0
configure:4546: result: yes
configure:4546: checking for getopt
configure:4546: gcc -o conftest -g -O2   conftest.c  >&5
configure:4546: $? = 0
configure:4546: result: yes
configure:4546: checking for time
configure:4546: gcc -o conftest -g -O2   conftest.c  >&5
configure:4546: $? = 0
configure:4546: result: yes
configure:4546: checking for gettimeofday
configure:4546: gcc -o conftest -g -O2   conftest.c  >&5
configure:4546: $? = 0
configure:4546: result: yes
configure:4666: checking that generated files are newer than configure
configure:4672: result: done
configure:4695: creating ./config.status

## ---------------------- ##
## Running config.status. ##
## ---------------------- ##

This file was extended by maze config.status 0.0.0, which was
generated by GNU Autoconf 2.69.  Invocation command line was

  CONFIG_FILES    = 
  CONFIG_HEADERS  = 
  CONFIG_LINKS    = 
  CONFIG_COMMANDS = 
  $ ./config.status 

on macbookair-2.local

config.status:874: creating Makefile
config.status:874: creating src/Makefile
config.status:874: creating config.h
config.status:1055: config.h is unchanged
config.status:1103: executing depfiles commands

## ---------------- ##
## Cache variables. ##
## ---------------- ##

ac_cv_c_compiler_gnu=yes
ac_cv_c_inline=inline
ac_cv_env_CC_set=
ac_cv_env_CC_value=
ac_cv_env_CFLAGS_set=
ac_cv_env_CFLAGS_value=
ac_cv_env_CPPFLAGS_set=
ac_cv_env_CPPFLAGS_value=
ac_cv_env_CPP_set=
ac_cv_env_CPP_value=
ac_cv_env_LDFLAGS_set=
ac_cv_env_LDFLAGS_value=
ac_cv_env_LIBS_set=
ac_cv_env_LIBS_value=
ac_cv_env_build_alias_set=
ac_cv_env_build_alias_value=
ac_cv_env_host_alias_set=
ac_cv_env_host_alias_value=
ac_cv_env_target_alias_set=
ac_cv_env_target_alias_value=
ac_cv_func_getopt=yes
ac_cv_func_gettimeofday=yes
ac_cv_func_ioctl=yes
ac_cv_func_malloc_0_nonnull=yes
ac_cv_func_realloc_0_nonnull=yes
ac_cv_func_strlen=yes
ac_cv_func_strtod=yes
ac_cv_func_strtol=yes
ac_cv_func_time=yes
ac_cv_func_warnx=yes
ac_cv_header_err_h=yes
ac_cv_header_inttypes_h=yes
ac_cv_header_memory_h=yes
ac_cv_header_stdbool_h=yes
ac_cv_header_stdc=yes
ac_cv_header_stdint_h=yes
ac_cv_header_stdlib_h=yes
ac_cv_header_string_h=yes
ac_cv_header_strings_h=yes
ac_cv_header_sys_ioctl_h=yes
ac_cv_header_sys_stat_h=yes
ac_cv_header_sys_time_h=yes
ac_cv_header_sys_types_h=yes
ac_cv_header_time_h=yes
ac_cv_header_unistd_h=yes
ac_cv_objext=o
ac_cv_path_EGREP='/usr/bin/grep -E'
ac_cv_path_GREP=/usr/bin/grep
ac_cv_path_install='/usr/bin/install -c'
ac_cv_prog_AWK=awk
ac_cv_prog_CPP='gcc -E'
ac_cv_prog_ac_ct_CC=gcc
ac_cv_prog_cc_c89=
ac_cv_prog_cc_g=yes
ac_cv_prog_make_make_set=yes
ac_cv_type__Bool=yes
ac_cv_type_size_t=yes
am_cv_CC_dependencies_compiler_type=gcc3
am_cv_make_support_nested_variables=yes

## ----------------- ##
## Output variables. ##
## ----------------- ##

ACLOCAL='${SHELL} /Users/itchyny/Dropbox/cpp/maze/missing aclocal-1.13'
AMDEPBACKSLASH='\'
AMDEP_FALSE='#'
AMDEP_TRUE=''
AMTAR='$${TAR-tar}'
AM_BACKSLASH='\'
AM_DEFAULT_V='$(AM_DEFAULT_VERBOSITY)'
AM_DEFAULT_VERBOSITY='1'
AM_V='$(V)'
AUTOCONF='${SHELL} /Users/itchyny/Dropbox/cpp/maze/missing autoconf'
AUTOHEADER='${SHELL} /Users/itchyny/Dropbox/cpp/maze/missing autoheader'
AUTOMAKE='${SHELL} /Users/itchyny/Dropbox/cpp/maze/missing automake-1.13'
AWK='awk'
CC='gcc'
CCDEPMODE='depmode=gcc3'
CFLAGS='-g -O2'
CPP='gcc -E'
CPPFLAGS=''
CYGPATH_W='echo'
DEFS='-DHAVE_CONFIG_H'
DEPDIR='.deps'
ECHO_C='\c'
ECHO_N=''
ECHO_T=''
EGREP='/usr/bin/grep -E'
EXEEXT=''
GREP='/usr/bin/grep'
INSTALL_DATA='${INSTALL} -m 644'
INSTALL_PROGRAM='${INSTALL}'
INSTALL_SCRIPT='${INSTALL}'
INSTALL_STRIP_PROGRAM='$(install_sh) -c -s'
LDFLAGS=''
LIBOBJS=''
LIBS=''
LTLIBOBJS=''
MAKEINFO='${SHELL} /Users/itchyny/Dropbox/cpp/maze/missing makeinfo'
MKDIR_P='./install-sh -c -d'
OBJEXT='o'
PACKAGE='maze'
PACKAGE_BUGREPORT=''
PACKAGE_NAME='maze'
PACKAGE_STRING='maze 0.0.0'
PACKAGE_TARNAME='maze'
PACKAGE_URL=''
PACKAGE_VERSION='0.0.0'
PATH_SEPARATOR=':'
POW_LIB=''
SET_MAKE=''
SHELL='/bin/sh'
STRIP=''
VERSION='0.0.0'
ac_ct_CC='gcc'
am__EXEEXT_FALSE=''
am__EXEEXT_TRUE='#'
am__fastdepCC_FALSE='#'
am__fastdepCC_TRUE=''
am__include='include'
am__isrc=''
am__leading_dot='.'
am__nodep='_no'
am__quote=''
am__tar='$${TAR-tar} chof - "$$tardir"'
am__untar='$${TAR-tar} xf -'
bindir='${exec_prefix}/bin'
build_alias=''
datadir='${datarootdir}'
datarootdir='${prefix}/share'
docdir='${datarootdir}/doc/${PACKAGE_TARNAME}'
dvidir='${docdir}'
exec_prefix='${prefix}'
host_alias=''
htmldir='${docdir}'
includedir='${prefix}/include'
infodir='${datarootdir}/info'
install_sh='${SHELL} /Users/itchyny/Dropbox/cpp/maze/install-sh'
libdir='${exec_prefix}/lib'
libexecdir='${exec_prefix}/libexec'
localedir='${datarootdir}/locale'
localstatedir='${prefix}/var'
mandir='${datarootdir}/man'
mkdir_p='$(MKDIR_P)'
oldincludedir='/usr/include'
pdfdir='${docdir}'
prefix='/usr/local'
program_transform_name='s,x,x,'
psdir='${docdir}'
sbindir='${exec_prefix}/sbin'
sharedstatedir='${prefix}/com'
sysconfdir='${prefix}/etc'
target_alias=''

## ----------- ##
## confdefs.h. ##
## ----------- ##

/* confdefs.h */
#define PACKAGE_NAME "maze"
#define PACKAGE_TARNAME "maze"
#define PACKAGE_VERSION "0.0.0"
#define PACKAGE_STRING "maze 0.0.0"
#define PACKAGE_BUGREPORT ""
#define PACKAGE_URL ""
#define PACKAGE "maze"
#define VERSION "0.0.0"
#define STDC_HEADERS 1
#define HAVE_SYS_TYPES_H 1
#define HAVE_SYS_STAT_H 1
#define HAVE_STDLIB_H 1
#define HAVE_STRING_H 1
#define HAVE_MEMORY_H 1
#define HAVE_STRINGS_H 1
#define HAVE_INTTYPES_H 1
#define HAVE_STDINT_H 1
#define HAVE_UNISTD_H 1
#define HAVE_STDLIB_H 1
#define HAVE_STRING_H 1
#define HAVE_ERR_H 1
#define HAVE_TIME_H 1
#define HAVE_STDINT_H 1
#define HAVE_SYS_IOCTL_H 1
#define HAVE_SYS_TIME_H 1
#define HAVE_UNISTD_H 1
#define HAVE__BOOL 1
#define HAVE_STDLIB_H 1
#define HAVE_MALLOC 1
#define HAVE_STDLIB_H 1
#define HAVE_REALLOC 1
#define HAVE_STRTOL 1
#define HAVE_STRLEN 1
#define HAVE_WARNX 1
#define HAVE_IOCTL 1
#define HAVE_GETOPT 1
#define HAVE_TIME 1
#define HAVE_GETTIMEOFDAY 1

configure: exit 0

## ---------------------- ##
## Running config.status. ##
## ---------------------- ##

This file was extended by maze config.status 0.0.0, which was
generated by GNU Autoconf 2.69.  Invocation command line was

  CONFIG_FILES    = 
  CONFIG_HEADERS  = 
  CONFIG_LINKS    = 
  CONFIG_COMMANDS = 
  $ ./config.status 

on macbookair-2.local

config.status:874: creating Makefile
config.status:874: creating src/Makefile
config.status:874: creating config.h
config.status:1055: config.h is unchanged
config.status:1103: executing depfiles commands
